2022-08-08 22:22:42,753 [Worker-1: Loading available Gradle versions] INFO  o.e.b.c.i.u.g.PublishedGradleVersions - Gradle version information cache is up-to-date. Trying to read.
2022-08-08 22:23:30,293 [Worker-1: Creating project "SmartMedical"] INFO  o.e.m.c.i.l.LifecycleMappingFactory - Using org.eclipse.m2e.jdt.JarLifecycleMapping lifecycle mapping for MavenProject: MgRPC:SmartMedical:0.0.1-SNAPSHOT @ D:\OneDrive\OneDrive - National College of Ireland\backup\d\Distributed Systems\CA-MANDY\DSystem-gRPC\SmartMedical\pom.xml.
2022-08-08 22:23:32,583 [Worker-1: Creating project "SmartMedical"] INFO  o.e.m.j.i.AbstractJavaProjectConfigurator - Adding source folder /SmartMedical/src/main/java
2022-08-08 22:23:32,586 [Worker-1: Creating project "SmartMedical"] INFO  o.e.m.j.i.AbstractJavaProjectConfigurator - Adding resource folder /SmartMedical/src/main/resources
2022-08-08 22:23:32,588 [Worker-1: Creating project "SmartMedical"] INFO  o.e.m.j.i.AbstractJavaProjectConfigurator - Adding source folder /SmartMedical/src/test/java
2022-08-08 22:23:32,588 [Worker-1: Creating project "SmartMedical"] INFO  o.e.m.j.i.AbstractJavaProjectConfigurator - Adding resource folder /SmartMedical/src/test/resources
2022-08-08 22:23:36,162 [Worker-9: Building] WARN  o.e.m.c.i.embedder.EclipseLogger - Using platform encoding (UTF-8 actually) to copy filtered resources, i.e. build is platform dependent!
2022-08-08 22:23:36,170 [Worker-9: Building] INFO  o.e.m.c.i.embedder.EclipseLogger - Copying 0 resource
2022-08-08 22:23:36,182 [Worker-9: Building] WARN  o.e.m.c.i.embedder.EclipseLogger - Using platform encoding (UTF-8 actually) to copy filtered resources, i.e. build is platform dependent!
2022-08-08 22:23:36,183 [Worker-9: Building] INFO  o.e.m.c.i.embedder.EclipseLogger - Copying 0 resource
2022-08-08 22:26:43,935 [Worker-12: Building] INFO  o.e.m.c.i.l.LifecycleMappingFactory - Using org.eclipse.m2e.jdt.JarLifecycleMapping lifecycle mapping for MavenProject: MgRPC:SmartMedical:0.0.1-SNAPSHOT @ D:\OneDrive\OneDrive - National College of Ireland\backup\d\Distributed Systems\CA-MANDY\DSystem-gRPC\SmartMedical\pom.xml.
2022-08-08 22:26:44,607 [Worker-12: Building] INFO  o.e.m.c.i.embedder.EclipseLogger - Protoc version: 3.6.0
2022-08-08 22:26:47,066 [Worker-12: Building] INFO  o.e.m.c.i.embedder.EclipseLogger - Protoc command: C:\Users\86186\AppData\Local\Temp\protocjar583886751560539869\bin\protoc.exe
2022-08-08 22:26:47,069 [Worker-12: Building] INFO  o.e.m.c.i.embedder.EclipseLogger - Additional include types: C:\Users\86186\AppData\Local\Temp\protocjar1230908132915180496\include
2022-08-08 22:26:47,200 [Worker-12: Building] INFO  o.e.m.c.i.embedder.EclipseLogger -     google/protobuf/any.proto
2022-08-08 22:26:47,204 [Worker-12: Building] INFO  o.e.m.c.i.embedder.EclipseLogger -     google/protobuf/api.proto
2022-08-08 22:26:47,205 [Worker-12: Building] INFO  o.e.m.c.i.embedder.EclipseLogger -     google/protobuf/compiler/plugin.proto
2022-08-08 22:26:47,207 [Worker-12: Building] INFO  o.e.m.c.i.embedder.EclipseLogger -     google/protobuf/descriptor.proto
2022-08-08 22:26:47,209 [Worker-12: Building] INFO  o.e.m.c.i.embedder.EclipseLogger -     google/protobuf/duration.proto
2022-08-08 22:26:47,211 [Worker-12: Building] INFO  o.e.m.c.i.embedder.EclipseLogger -     google/protobuf/empty.proto
2022-08-08 22:26:47,212 [Worker-12: Building] INFO  o.e.m.c.i.embedder.EclipseLogger -     google/protobuf/field_mask.proto
2022-08-08 22:26:47,214 [Worker-12: Building] INFO  o.e.m.c.i.embedder.EclipseLogger -     google/protobuf/source_context.proto
2022-08-08 22:26:47,215 [Worker-12: Building] INFO  o.e.m.c.i.embedder.EclipseLogger -     google/protobuf/struct.proto
2022-08-08 22:26:47,216 [Worker-12: Building] INFO  o.e.m.c.i.embedder.EclipseLogger -     google/protobuf/timestamp.proto
2022-08-08 22:26:47,217 [Worker-12: Building] INFO  o.e.m.c.i.embedder.EclipseLogger -     google/protobuf/type.proto
2022-08-08 22:26:47,218 [Worker-12: Building] INFO  o.e.m.c.i.embedder.EclipseLogger -     google/protobuf/wrappers.proto
2022-08-08 22:26:47,968 [Worker-12: Building] INFO  o.e.m.c.i.embedder.EclipseLogger - Input directories:
2022-08-08 22:26:47,968 [Worker-12: Building] INFO  o.e.m.c.i.embedder.EclipseLogger -     D:\OneDrive\OneDrive - National College of Ireland\backup\d\Distributed Systems\CA-MANDY\DSystem-gRPC\SmartMedical\src\main\resources
2022-08-08 22:26:47,969 [Worker-12: Building] INFO  o.e.m.c.i.embedder.EclipseLogger - Include directories:
2022-08-08 22:26:47,970 [Worker-12: Building] INFO  o.e.m.c.i.embedder.EclipseLogger -     C:\Users\86186\AppData\Local\Temp\protocjar1230908132915180496\include
2022-08-08 22:26:47,970 [Worker-12: Building] INFO  o.e.m.c.i.embedder.EclipseLogger - Output targets:
2022-08-08 22:26:47,970 [Worker-12: Building] INFO  o.e.m.c.i.embedder.EclipseLogger -     java: D:\OneDrive\OneDrive - National College of Ireland\backup\d\Distributed Systems\CA-MANDY\DSystem-gRPC\SmartMedical\src\main\java (add: main, clean: false, plugin: null, outputOptions: null)
2022-08-08 22:26:47,970 [Worker-12: Building] INFO  o.e.m.c.i.embedder.EclipseLogger -     grpc-java: D:\OneDrive\OneDrive - National College of Ireland\backup\d\Distributed Systems\CA-MANDY\DSystem-gRPC\SmartMedical\src\main\java (add: main, clean: false, plugin: null, outputOptions: null)
2022-08-08 22:26:47,970 [Worker-12: Building] INFO  o.e.m.c.i.embedder.EclipseLogger - Resolving artifact: io.grpc:protoc-gen-grpc-java:1.15.0, platform: windows-x86_64
2022-08-08 22:26:48,001 [Worker-12: Building] INFO  o.e.m.c.i.embedder.EclipseLogger - Adding generated classes to classpath
2022-08-08 22:26:48,002 [Worker-12: Building] INFO  o.e.m.c.i.embedder.EclipseLogger - Adding generated classes to classpath
2022-08-08 22:26:48,175 [Worker-12: Building] INFO  o.e.m.c.i.embedder.EclipseLogger - Using 'UTF-8' encoding to copy filtered resources.
2022-08-08 22:26:48,177 [Worker-12: Building] INFO  o.e.m.c.i.embedder.EclipseLogger - Copying 0 resource
2022-08-08 22:26:48,205 [Worker-12: Building] INFO  o.e.m.c.i.embedder.EclipseLogger - Using 'UTF-8' encoding to copy filtered resources.
2022-08-08 22:26:48,207 [Worker-12: Building] INFO  o.e.m.c.i.embedder.EclipseLogger - Copying 0 resource
2022-08-08 22:26:49,746 [Worker-6: Building] INFO  o.e.m.c.i.embedder.EclipseLogger - Protoc version: 3.6.0
2022-08-08 22:26:53,935 [Worker-6: Building] INFO  o.e.m.c.i.embedder.EclipseLogger - Protoc command: C:\Users\86186\AppData\Local\Temp\protocjar7727712718280936780\bin\protoc.exe
2022-08-08 22:26:53,937 [Worker-6: Building] INFO  o.e.m.c.i.embedder.EclipseLogger - Additional include types: C:\Users\86186\AppData\Local\Temp\protocjar5636877207194561405\include
2022-08-08 22:26:54,020 [Worker-6: Building] INFO  o.e.m.c.i.embedder.EclipseLogger -     google/protobuf/any.proto
2022-08-08 22:26:54,023 [Worker-6: Building] INFO  o.e.m.c.i.embedder.EclipseLogger -     google/protobuf/api.proto
2022-08-08 22:26:54,025 [Worker-6: Building] INFO  o.e.m.c.i.embedder.EclipseLogger -     google/protobuf/compiler/plugin.proto
2022-08-08 22:26:54,026 [Worker-6: Building] INFO  o.e.m.c.i.embedder.EclipseLogger -     google/protobuf/descriptor.proto
2022-08-08 22:26:54,047 [Worker-6: Building] INFO  o.e.m.c.i.embedder.EclipseLogger -     google/protobuf/duration.proto
2022-08-08 22:26:54,048 [Worker-6: Building] INFO  o.e.m.c.i.embedder.EclipseLogger -     google/protobuf/empty.proto
2022-08-08 22:26:54,050 [Worker-6: Building] INFO  o.e.m.c.i.embedder.EclipseLogger -     google/protobuf/field_mask.proto
2022-08-08 22:26:54,052 [Worker-6: Building] INFO  o.e.m.c.i.embedder.EclipseLogger -     google/protobuf/source_context.proto
2022-08-08 22:26:54,053 [Worker-6: Building] INFO  o.e.m.c.i.embedder.EclipseLogger -     google/protobuf/struct.proto
2022-08-08 22:26:54,055 [Worker-6: Building] INFO  o.e.m.c.i.embedder.EclipseLogger -     google/protobuf/timestamp.proto
2022-08-08 22:26:54,058 [Worker-6: Building] INFO  o.e.m.c.i.embedder.EclipseLogger -     google/protobuf/type.proto
2022-08-08 22:26:54,059 [Worker-6: Building] INFO  o.e.m.c.i.embedder.EclipseLogger -     google/protobuf/wrappers.proto
2022-08-08 22:26:54,750 [Worker-6: Building] INFO  o.e.m.c.i.embedder.EclipseLogger - Input directories:
2022-08-08 22:26:54,750 [Worker-6: Building] INFO  o.e.m.c.i.embedder.EclipseLogger -     D:\OneDrive\OneDrive - National College of Ireland\backup\d\Distributed Systems\CA-MANDY\DSystem-gRPC\SmartMedical\src\main\resources
2022-08-08 22:26:54,750 [Worker-6: Building] INFO  o.e.m.c.i.embedder.EclipseLogger - Include directories:
2022-08-08 22:26:54,750 [Worker-6: Building] INFO  o.e.m.c.i.embedder.EclipseLogger -     C:\Users\86186\AppData\Local\Temp\protocjar5636877207194561405\include
2022-08-08 22:26:54,750 [Worker-6: Building] INFO  o.e.m.c.i.embedder.EclipseLogger - Output targets:
2022-08-08 22:26:54,750 [Worker-6: Building] INFO  o.e.m.c.i.embedder.EclipseLogger -     java: D:\OneDrive\OneDrive - National College of Ireland\backup\d\Distributed Systems\CA-MANDY\DSystem-gRPC\SmartMedical\src\main\java (add: main, clean: false, plugin: null, outputOptions: null)
2022-08-08 22:26:54,750 [Worker-6: Building] INFO  o.e.m.c.i.embedder.EclipseLogger -     grpc-java: D:\OneDrive\OneDrive - National College of Ireland\backup\d\Distributed Systems\CA-MANDY\DSystem-gRPC\SmartMedical\src\main\java (add: main, clean: false, plugin: null, outputOptions: null)
2022-08-08 22:26:54,751 [Worker-6: Building] INFO  o.e.m.c.i.embedder.EclipseLogger - Resolving artifact: io.grpc:protoc-gen-grpc-java:1.15.0, platform: windows-x86_64
2022-08-08 22:26:54,761 [Worker-6: Building] INFO  o.e.m.c.i.embedder.EclipseLogger - Adding generated classes to classpath
2022-08-08 22:26:54,762 [Worker-6: Building] INFO  o.e.m.c.i.embedder.EclipseLogger - Adding generated classes to classpath
2022-08-08 22:26:54,765 [Worker-6: Building] INFO  o.e.m.c.i.embedder.EclipseLogger - Using 'UTF-8' encoding to copy filtered resources.
2022-08-08 22:26:54,767 [Worker-6: Building] INFO  o.e.m.c.i.embedder.EclipseLogger - Copying 0 resource
2022-08-08 22:26:54,770 [Worker-6: Building] INFO  o.e.m.c.i.embedder.EclipseLogger - Using 'UTF-8' encoding to copy filtered resources.
2022-08-08 22:26:54,770 [Worker-6: Building] INFO  o.e.m.c.i.embedder.EclipseLogger - Copying 0 resource
2022-08-08 22:27:00,118 [Worker-6: Updating Maven Project] INFO  o.e.m.c.i.p.ProjectConfigurationManager - Update started
2022-08-08 22:27:00,591 [Worker-6: Updating Maven Project] INFO  o.e.m.c.i.l.LifecycleMappingFactory - Using org.eclipse.m2e.jdt.JarLifecycleMapping lifecycle mapping for MavenProject: MgRPC:SmartMedical:0.0.1-SNAPSHOT @ D:\OneDrive\OneDrive - National College of Ireland\backup\d\Distributed Systems\CA-MANDY\DSystem-gRPC\SmartMedical\pom.xml.
2022-08-08 22:27:00,964 [Worker-6: Updating Maven Project] INFO  o.e.m.c.i.embedder.EclipseLogger - Protoc version: 3.6.0
2022-08-08 22:27:01,351 [Worker-6: Updating Maven Project] INFO  o.e.m.c.i.embedder.EclipseLogger - Protoc command: C:\Users\86186\AppData\Local\Temp\protocjar2299199126080508682\bin\protoc.exe
2022-08-08 22:27:01,353 [Worker-6: Updating Maven Project] INFO  o.e.m.c.i.embedder.EclipseLogger - Additional include types: C:\Users\86186\AppData\Local\Temp\protocjar11983287854429211697\include
2022-08-08 22:27:01,414 [Worker-6: Updating Maven Project] INFO  o.e.m.c.i.embedder.EclipseLogger -     google/protobuf/any.proto
2022-08-08 22:27:01,417 [Worker-6: Updating Maven Project] INFO  o.e.m.c.i.embedder.EclipseLogger -     google/protobuf/api.proto
2022-08-08 22:27:01,418 [Worker-6: Updating Maven Project] INFO  o.e.m.c.i.embedder.EclipseLogger -     google/protobuf/compiler/plugin.proto
2022-08-08 22:27:01,420 [Worker-6: Updating Maven Project] INFO  o.e.m.c.i.embedder.EclipseLogger -     google/protobuf/descriptor.proto
2022-08-08 22:27:01,422 [Worker-6: Updating Maven Project] INFO  o.e.m.c.i.embedder.EclipseLogger -     google/protobuf/duration.proto
2022-08-08 22:27:01,423 [Worker-6: Updating Maven Project] INFO  o.e.m.c.i.embedder.EclipseLogger -     google/protobuf/empty.proto
2022-08-08 22:27:01,424 [Worker-6: Updating Maven Project] INFO  o.e.m.c.i.embedder.EclipseLogger -     google/protobuf/field_mask.proto
2022-08-08 22:27:01,426 [Worker-6: Updating Maven Project] INFO  o.e.m.c.i.embedder.EclipseLogger -     google/protobuf/source_context.proto
2022-08-08 22:27:01,426 [Worker-6: Updating Maven Project] INFO  o.e.m.c.i.embedder.EclipseLogger -     google/protobuf/struct.proto
2022-08-08 22:27:01,427 [Worker-6: Updating Maven Project] INFO  o.e.m.c.i.embedder.EclipseLogger -     google/protobuf/timestamp.proto
2022-08-08 22:27:01,428 [Worker-6: Updating Maven Project] INFO  o.e.m.c.i.embedder.EclipseLogger -     google/protobuf/type.proto
2022-08-08 22:27:01,430 [Worker-6: Updating Maven Project] INFO  o.e.m.c.i.embedder.EclipseLogger -     google/protobuf/wrappers.proto
2022-08-08 22:27:01,861 [Worker-6: Updating Maven Project] INFO  o.e.m.c.i.embedder.EclipseLogger - Input directories:
2022-08-08 22:27:01,861 [Worker-6: Updating Maven Project] INFO  o.e.m.c.i.embedder.EclipseLogger -     D:\OneDrive\OneDrive - National College of Ireland\backup\d\Distributed Systems\CA-MANDY\DSystem-gRPC\SmartMedical\src\main\resources
2022-08-08 22:27:01,861 [Worker-6: Updating Maven Project] INFO  o.e.m.c.i.embedder.EclipseLogger - Include directories:
2022-08-08 22:27:01,861 [Worker-6: Updating Maven Project] INFO  o.e.m.c.i.embedder.EclipseLogger -     C:\Users\86186\AppData\Local\Temp\protocjar11983287854429211697\include
2022-08-08 22:27:01,862 [Worker-6: Updating Maven Project] INFO  o.e.m.c.i.embedder.EclipseLogger - Output targets:
2022-08-08 22:27:01,862 [Worker-6: Updating Maven Project] INFO  o.e.m.c.i.embedder.EclipseLogger -     java: D:\OneDrive\OneDrive - National College of Ireland\backup\d\Distributed Systems\CA-MANDY\DSystem-gRPC\SmartMedical\src\main\java (add: main, clean: false, plugin: null, outputOptions: null)
2022-08-08 22:27:01,862 [Worker-6: Updating Maven Project] INFO  o.e.m.c.i.embedder.EclipseLogger -     grpc-java: D:\OneDrive\OneDrive - National College of Ireland\backup\d\Distributed Systems\CA-MANDY\DSystem-gRPC\SmartMedical\src\main\java (add: main, clean: false, plugin: null, outputOptions: null)
2022-08-08 22:27:01,862 [Worker-6: Updating Maven Project] INFO  o.e.m.c.i.embedder.EclipseLogger - Resolving artifact: io.grpc:protoc-gen-grpc-java:1.15.0, platform: windows-x86_64
2022-08-08 22:27:01,913 [Worker-6: Updating Maven Project] INFO  o.e.m.c.i.embedder.EclipseLogger - Adding generated classes to classpath
2022-08-08 22:27:01,914 [Worker-6: Updating Maven Project] INFO  o.e.m.c.i.embedder.EclipseLogger - Adding generated classes to classpath
2022-08-08 22:27:02,076 [Worker-6: Updating Maven Project] INFO  o.e.m.j.i.AbstractJavaProjectConfigurator - Adding source folder /SmartMedical/src/main/java
2022-08-08 22:27:02,077 [Worker-6: Updating Maven Project] INFO  o.e.m.j.i.AbstractJavaProjectConfigurator - Adding resource folder /SmartMedical/src/main/resources
2022-08-08 22:27:02,102 [Worker-6: Updating Maven Project] INFO  o.e.m.j.i.AbstractJavaProjectConfigurator - Adding source folder /SmartMedical/src/test/java
2022-08-08 22:27:02,103 [Worker-6: Updating Maven Project] INFO  o.e.m.j.i.AbstractJavaProjectConfigurator - Adding resource folder /SmartMedical/src/test/resources
2022-08-08 22:27:02,426 [Worker-6: Updating Maven Project] INFO  o.e.m.c.i.p.ProjectConfigurationManager - Update completed: 2 sec
2022-08-08 22:27:02,636 [Worker-12: Building] INFO  o.e.m.c.i.embedder.EclipseLogger - Protoc version: 3.6.0
2022-08-08 22:27:03,012 [Worker-12: Building] INFO  o.e.m.c.i.embedder.EclipseLogger - Protoc command: C:\Users\86186\AppData\Local\Temp\protocjar9379168064917401605\bin\protoc.exe
2022-08-08 22:27:03,014 [Worker-12: Building] INFO  o.e.m.c.i.embedder.EclipseLogger - Additional include types: C:\Users\86186\AppData\Local\Temp\protocjar16044349814835728768\include
2022-08-08 22:27:03,088 [Worker-12: Building] INFO  o.e.m.c.i.embedder.EclipseLogger -     google/protobuf/any.proto
2022-08-08 22:27:03,091 [Worker-12: Building] INFO  o.e.m.c.i.embedder.EclipseLogger -     google/protobuf/api.proto
2022-08-08 22:27:03,092 [Worker-12: Building] INFO  o.e.m.c.i.embedder.EclipseLogger -     google/protobuf/compiler/plugin.proto
2022-08-08 22:27:03,094 [Worker-12: Building] INFO  o.e.m.c.i.embedder.EclipseLogger -     google/protobuf/descriptor.proto
2022-08-08 22:27:03,096 [Worker-12: Building] INFO  o.e.m.c.i.embedder.EclipseLogger -     google/protobuf/duration.proto
2022-08-08 22:27:03,097 [Worker-12: Building] INFO  o.e.m.c.i.embedder.EclipseLogger -     google/protobuf/empty.proto
2022-08-08 22:27:03,098 [Worker-12: Building] INFO  o.e.m.c.i.embedder.EclipseLogger -     google/protobuf/field_mask.proto
2022-08-08 22:27:03,099 [Worker-12: Building] INFO  o.e.m.c.i.embedder.EclipseLogger -     google/protobuf/source_context.proto
2022-08-08 22:27:03,101 [Worker-12: Building] INFO  o.e.m.c.i.embedder.EclipseLogger -     google/protobuf/struct.proto
2022-08-08 22:27:03,101 [Worker-12: Building] INFO  o.e.m.c.i.embedder.EclipseLogger -     google/protobuf/timestamp.proto
2022-08-08 22:27:03,102 [Worker-12: Building] INFO  o.e.m.c.i.embedder.EclipseLogger -     google/protobuf/type.proto
2022-08-08 22:27:03,104 [Worker-12: Building] INFO  o.e.m.c.i.embedder.EclipseLogger -     google/protobuf/wrappers.proto
2022-08-08 22:27:03,433 [Worker-12: Building] INFO  o.e.m.c.i.embedder.EclipseLogger - Input directories:
2022-08-08 22:27:03,434 [Worker-12: Building] INFO  o.e.m.c.i.embedder.EclipseLogger -     D:\OneDrive\OneDrive - National College of Ireland\backup\d\Distributed Systems\CA-MANDY\DSystem-gRPC\SmartMedical\src\main\resources
2022-08-08 22:27:03,434 [Worker-12: Building] INFO  o.e.m.c.i.embedder.EclipseLogger - Include directories:
2022-08-08 22:27:03,434 [Worker-12: Building] INFO  o.e.m.c.i.embedder.EclipseLogger -     C:\Users\86186\AppData\Local\Temp\protocjar16044349814835728768\include
2022-08-08 22:27:03,434 [Worker-12: Building] INFO  o.e.m.c.i.embedder.EclipseLogger - Output targets:
2022-08-08 22:27:03,434 [Worker-12: Building] INFO  o.e.m.c.i.embedder.EclipseLogger -     java: D:\OneDrive\OneDrive - National College of Ireland\backup\d\Distributed Systems\CA-MANDY\DSystem-gRPC\SmartMedical\src\main\java (add: main, clean: false, plugin: null, outputOptions: null)
2022-08-08 22:27:03,434 [Worker-12: Building] INFO  o.e.m.c.i.embedder.EclipseLogger -     grpc-java: D:\OneDrive\OneDrive - National College of Ireland\backup\d\Distributed Systems\CA-MANDY\DSystem-gRPC\SmartMedical\src\main\java (add: main, clean: false, plugin: null, outputOptions: null)
2022-08-08 22:27:03,434 [Worker-12: Building] INFO  o.e.m.c.i.embedder.EclipseLogger - Resolving artifact: io.grpc:protoc-gen-grpc-java:1.15.0, platform: windows-x86_64
2022-08-08 22:27:03,442 [Worker-12: Building] INFO  o.e.m.c.i.embedder.EclipseLogger - Adding generated classes to classpath
2022-08-08 22:27:03,443 [Worker-12: Building] INFO  o.e.m.c.i.embedder.EclipseLogger - Adding generated classes to classpath
2022-08-08 22:27:03,457 [Worker-12: Building] INFO  o.e.m.c.i.embedder.EclipseLogger - Using 'UTF-8' encoding to copy filtered resources.
2022-08-08 22:27:03,458 [Worker-12: Building] INFO  o.e.m.c.i.embedder.EclipseLogger - Copying 0 resource
2022-08-08 22:27:03,461 [Worker-12: Building] INFO  o.e.m.c.i.embedder.EclipseLogger - Using 'UTF-8' encoding to copy filtered resources.
2022-08-08 22:27:03,461 [Worker-12: Building] INFO  o.e.m.c.i.embedder.EclipseLogger - Copying 0 resource
2022-08-08 22:29:28,640 [Worker-14: Creating project "SmartMedical"] INFO  o.e.m.c.i.l.LifecycleMappingFactory - Using org.eclipse.m2e.jdt.JarLifecycleMapping lifecycle mapping for MavenProject: MgRPC:SmartMedical:0.0.1-SNAPSHOT @ D:\OneDrive\OneDrive - National College of Ireland\backup\d\Distributed Systems\CA-MANDY\DSystem-gRPC\SmartMedical\pom.xml.
2022-08-08 22:29:28,995 [Worker-14: Creating project "SmartMedical"] INFO  o.e.m.j.i.AbstractJavaProjectConfigurator - Adding source folder /SmartMedical/src/main/java
2022-08-08 22:29:28,995 [Worker-14: Creating project "SmartMedical"] INFO  o.e.m.j.i.AbstractJavaProjectConfigurator - Adding resource folder /SmartMedical/src/main/resources
2022-08-08 22:29:28,996 [Worker-14: Creating project "SmartMedical"] INFO  o.e.m.j.i.AbstractJavaProjectConfigurator - Adding source folder /SmartMedical/src/test/java
2022-08-08 22:29:28,996 [Worker-14: Creating project "SmartMedical"] INFO  o.e.m.j.i.AbstractJavaProjectConfigurator - Adding resource folder /SmartMedical/src/test/resources
2022-08-08 22:29:29,489 [Worker-15: Building] WARN  o.e.m.c.i.embedder.EclipseLogger - Using platform encoding (UTF-8 actually) to copy filtered resources, i.e. build is platform dependent!
2022-08-08 22:29:29,491 [Worker-15: Building] INFO  o.e.m.c.i.embedder.EclipseLogger - Copying 0 resource
2022-08-08 22:29:29,496 [Worker-15: Building] WARN  o.e.m.c.i.embedder.EclipseLogger - Using platform encoding (UTF-8 actually) to copy filtered resources, i.e. build is platform dependent!
2022-08-08 22:29:29,497 [Worker-15: Building] INFO  o.e.m.c.i.embedder.EclipseLogger - Copying 0 resource
2022-08-08 22:30:22,699 [Worker-15: Building] INFO  o.e.m.c.i.l.LifecycleMappingFactory - Using org.eclipse.m2e.jdt.JarLifecycleMapping lifecycle mapping for MavenProject: MgRPC:SmartMedical:0.0.1-SNAPSHOT @ D:\OneDrive\OneDrive - National College of Ireland\backup\d\Distributed Systems\CA-MANDY\DSystem-gRPC\SmartMedical\pom.xml.
2022-08-08 22:30:23,054 [Worker-15: Building] INFO  o.e.m.c.i.embedder.EclipseLogger - Protoc version: 3.6.0
2022-08-08 22:30:24,156 [Worker-15: Building] INFO  o.e.m.c.i.embedder.EclipseLogger - Protoc command: C:\Users\86186\AppData\Local\Temp\protocjar1816720287017120051\bin\protoc.exe
2022-08-08 22:30:24,159 [Worker-15: Building] INFO  o.e.m.c.i.embedder.EclipseLogger - Additional include types: C:\Users\86186\AppData\Local\Temp\protocjar208967116926237660\include
2022-08-08 22:30:24,238 [Worker-15: Building] INFO  o.e.m.c.i.embedder.EclipseLogger -     google/protobuf/any.proto
2022-08-08 22:30:24,242 [Worker-15: Building] INFO  o.e.m.c.i.embedder.EclipseLogger -     google/protobuf/api.proto
2022-08-08 22:30:24,243 [Worker-15: Building] INFO  o.e.m.c.i.embedder.EclipseLogger -     google/protobuf/compiler/plugin.proto
2022-08-08 22:30:24,245 [Worker-15: Building] INFO  o.e.m.c.i.embedder.EclipseLogger -     google/protobuf/descriptor.proto
2022-08-08 22:30:24,248 [Worker-15: Building] INFO  o.e.m.c.i.embedder.EclipseLogger -     google/protobuf/duration.proto
2022-08-08 22:30:24,249 [Worker-15: Building] INFO  o.e.m.c.i.embedder.EclipseLogger -     google/protobuf/empty.proto
2022-08-08 22:30:24,250 [Worker-15: Building] INFO  o.e.m.c.i.embedder.EclipseLogger -     google/protobuf/field_mask.proto
2022-08-08 22:30:24,252 [Worker-15: Building] INFO  o.e.m.c.i.embedder.EclipseLogger -     google/protobuf/source_context.proto
2022-08-08 22:30:24,252 [Worker-15: Building] INFO  o.e.m.c.i.embedder.EclipseLogger -     google/protobuf/struct.proto
2022-08-08 22:30:24,253 [Worker-15: Building] INFO  o.e.m.c.i.embedder.EclipseLogger -     google/protobuf/timestamp.proto
2022-08-08 22:30:24,271 [Worker-15: Building] INFO  o.e.m.c.i.embedder.EclipseLogger -     google/protobuf/type.proto
2022-08-08 22:30:24,272 [Worker-15: Building] INFO  o.e.m.c.i.embedder.EclipseLogger -     google/protobuf/wrappers.proto
2022-08-08 22:30:24,819 [Worker-15: Building] INFO  o.e.m.c.i.embedder.EclipseLogger - Input directories:
2022-08-08 22:30:24,819 [Worker-15: Building] INFO  o.e.m.c.i.embedder.EclipseLogger -     D:\OneDrive\OneDrive - National College of Ireland\backup\d\Distributed Systems\CA-MANDY\DSystem-gRPC\SmartMedical\src\main\resources
2022-08-08 22:30:24,819 [Worker-15: Building] INFO  o.e.m.c.i.embedder.EclipseLogger - Include directories:
2022-08-08 22:30:24,819 [Worker-15: Building] INFO  o.e.m.c.i.embedder.EclipseLogger -     C:\Users\86186\AppData\Local\Temp\protocjar208967116926237660\include
2022-08-08 22:30:24,819 [Worker-15: Building] INFO  o.e.m.c.i.embedder.EclipseLogger - Output targets:
2022-08-08 22:30:24,820 [Worker-15: Building] INFO  o.e.m.c.i.embedder.EclipseLogger -     java: D:\OneDrive\OneDrive - National College of Ireland\backup\d\Distributed Systems\CA-MANDY\DSystem-gRPC\SmartMedical\src\main\java (add: main, clean: false, plugin: null, outputOptions: null)
2022-08-08 22:30:24,820 [Worker-15: Building] INFO  o.e.m.c.i.embedder.EclipseLogger -     grpc-java: D:\OneDrive\OneDrive - National College of Ireland\backup\d\Distributed Systems\CA-MANDY\DSystem-gRPC\SmartMedical\src\main\java (add: main, clean: false, plugin: null, outputOptions: null)
2022-08-08 22:30:24,820 [Worker-15: Building] INFO  o.e.m.c.i.embedder.EclipseLogger - Resolving artifact: io.grpc:protoc-gen-grpc-java:1.15.0, platform: windows-x86_64
2022-08-08 22:30:24,847 [Worker-15: Building] INFO  o.e.m.c.i.embedder.EclipseLogger - Adding generated classes to classpath
2022-08-08 22:30:24,848 [Worker-15: Building] INFO  o.e.m.c.i.embedder.EclipseLogger - Adding generated classes to classpath
2022-08-08 22:30:25,001 [Worker-15: Building] INFO  o.e.m.c.i.embedder.EclipseLogger - Using 'UTF-8' encoding to copy filtered resources.
2022-08-08 22:30:25,003 [Worker-15: Building] INFO  o.e.m.c.i.embedder.EclipseLogger - Copying 0 resource
2022-08-08 22:30:25,005 [Worker-15: Building] INFO  o.e.m.c.i.embedder.EclipseLogger - Using 'UTF-8' encoding to copy filtered resources.
2022-08-08 22:30:25,006 [Worker-15: Building] INFO  o.e.m.c.i.embedder.EclipseLogger - Copying 0 resource
2022-08-08 22:30:26,435 [Worker-9: Building] INFO  o.e.m.c.i.embedder.EclipseLogger - Protoc version: 3.6.0
2022-08-08 22:30:27,115 [Worker-9: Building] INFO  o.e.m.c.i.embedder.EclipseLogger - Protoc command: C:\Users\86186\AppData\Local\Temp\protocjar7056340312375547260\bin\protoc.exe
2022-08-08 22:30:27,117 [Worker-9: Building] INFO  o.e.m.c.i.embedder.EclipseLogger - Additional include types: C:\Users\86186\AppData\Local\Temp\protocjar2223328476981745790\include
2022-08-08 22:30:27,218 [Worker-9: Building] INFO  o.e.m.c.i.embedder.EclipseLogger -     google/protobuf/any.proto
2022-08-08 22:30:27,222 [Worker-9: Building] INFO  o.e.m.c.i.embedder.EclipseLogger -     google/protobuf/api.proto
2022-08-08 22:30:27,223 [Worker-9: Building] INFO  o.e.m.c.i.embedder.EclipseLogger -     google/protobuf/compiler/plugin.proto
2022-08-08 22:30:27,225 [Worker-9: Building] INFO  o.e.m.c.i.embedder.EclipseLogger -     google/protobuf/descriptor.proto
2022-08-08 22:30:27,227 [Worker-9: Building] INFO  o.e.m.c.i.embedder.EclipseLogger -     google/protobuf/duration.proto
2022-08-08 22:30:27,228 [Worker-9: Building] INFO  o.e.m.c.i.embedder.EclipseLogger -     google/protobuf/empty.proto
2022-08-08 22:30:27,229 [Worker-9: Building] INFO  o.e.m.c.i.embedder.EclipseLogger -     google/protobuf/field_mask.proto
2022-08-08 22:30:27,231 [Worker-9: Building] INFO  o.e.m.c.i.embedder.EclipseLogger -     google/protobuf/source_context.proto
2022-08-08 22:30:27,232 [Worker-9: Building] INFO  o.e.m.c.i.embedder.EclipseLogger -     google/protobuf/struct.proto
2022-08-08 22:30:27,233 [Worker-9: Building] INFO  o.e.m.c.i.embedder.EclipseLogger -     google/protobuf/timestamp.proto
2022-08-08 22:30:27,234 [Worker-9: Building] INFO  o.e.m.c.i.embedder.EclipseLogger -     google/protobuf/type.proto
2022-08-08 22:30:27,235 [Worker-9: Building] INFO  o.e.m.c.i.embedder.EclipseLogger -     google/protobuf/wrappers.proto
2022-08-08 22:30:27,713 [Worker-9: Building] INFO  o.e.m.c.i.embedder.EclipseLogger - Input directories:
2022-08-08 22:30:27,713 [Worker-9: Building] INFO  o.e.m.c.i.embedder.EclipseLogger -     D:\OneDrive\OneDrive - National College of Ireland\backup\d\Distributed Systems\CA-MANDY\DSystem-gRPC\SmartMedical\src\main\resources
2022-08-08 22:30:27,713 [Worker-9: Building] INFO  o.e.m.c.i.embedder.EclipseLogger - Include directories:
2022-08-08 22:30:27,713 [Worker-9: Building] INFO  o.e.m.c.i.embedder.EclipseLogger -     C:\Users\86186\AppData\Local\Temp\protocjar2223328476981745790\include
2022-08-08 22:30:27,713 [Worker-9: Building] INFO  o.e.m.c.i.embedder.EclipseLogger - Output targets:
2022-08-08 22:30:27,713 [Worker-9: Building] INFO  o.e.m.c.i.embedder.EclipseLogger -     java: D:\OneDrive\OneDrive - National College of Ireland\backup\d\Distributed Systems\CA-MANDY\DSystem-gRPC\SmartMedical\src\main\java (add: main, clean: false, plugin: null, outputOptions: null)
2022-08-08 22:30:27,713 [Worker-9: Building] INFO  o.e.m.c.i.embedder.EclipseLogger -     grpc-java: D:\OneDrive\OneDrive - National College of Ireland\backup\d\Distributed Systems\CA-MANDY\DSystem-gRPC\SmartMedical\src\main\java (add: main, clean: false, plugin: null, outputOptions: null)
2022-08-08 22:30:27,713 [Worker-9: Building] INFO  o.e.m.c.i.embedder.EclipseLogger - Resolving artifact: io.grpc:protoc-gen-grpc-java:1.15.0, platform: windows-x86_64
2022-08-08 22:30:27,723 [Worker-9: Building] INFO  o.e.m.c.i.embedder.EclipseLogger - Adding generated classes to classpath
2022-08-08 22:30:27,724 [Worker-9: Building] INFO  o.e.m.c.i.embedder.EclipseLogger - Adding generated classes to classpath
2022-08-08 22:30:27,726 [Worker-9: Building] INFO  o.e.m.c.i.embedder.EclipseLogger - Using 'UTF-8' encoding to copy filtered resources.
2022-08-08 22:30:27,727 [Worker-9: Building] INFO  o.e.m.c.i.embedder.EclipseLogger - Copying 0 resource
2022-08-08 22:30:27,729 [Worker-9: Building] INFO  o.e.m.c.i.embedder.EclipseLogger - Using 'UTF-8' encoding to copy filtered resources.
2022-08-08 22:30:27,730 [Worker-9: Building] INFO  o.e.m.c.i.embedder.EclipseLogger - Copying 0 resource
2022-08-08 22:31:11,497 [Worker-6: Updating Maven Project] INFO  o.e.m.c.i.p.ProjectConfigurationManager - Update started
2022-08-08 22:31:11,936 [Worker-6: Updating Maven Project] INFO  o.e.m.c.i.l.LifecycleMappingFactory - Using org.eclipse.m2e.jdt.JarLifecycleMapping lifecycle mapping for MavenProject: MgRPC:SmartMedical:0.0.1-SNAPSHOT @ D:\OneDrive\OneDrive - National College of Ireland\backup\d\Distributed Systems\CA-MANDY\DSystem-gRPC\SmartMedical\pom.xml.
2022-08-08 22:31:12,200 [Worker-6: Updating Maven Project] INFO  o.e.m.c.i.embedder.EclipseLogger - Protoc version: 3.6.0
2022-08-08 22:31:12,418 [Worker-6: Updating Maven Project] INFO  o.e.m.c.i.embedder.EclipseLogger - Protoc command: C:\Users\86186\AppData\Local\Temp\protocjar11838131364579497399\bin\protoc.exe
2022-08-08 22:31:12,420 [Worker-6: Updating Maven Project] INFO  o.e.m.c.i.embedder.EclipseLogger - Additional include types: C:\Users\86186\AppData\Local\Temp\protocjar8289838552040553845\include
2022-08-08 22:31:12,473 [Worker-6: Updating Maven Project] INFO  o.e.m.c.i.embedder.EclipseLogger -     google/protobuf/any.proto
2022-08-08 22:31:12,475 [Worker-6: Updating Maven Project] INFO  o.e.m.c.i.embedder.EclipseLogger -     google/protobuf/api.proto
2022-08-08 22:31:12,476 [Worker-6: Updating Maven Project] INFO  o.e.m.c.i.embedder.EclipseLogger -     google/protobuf/compiler/plugin.proto
2022-08-08 22:31:12,478 [Worker-6: Updating Maven Project] INFO  o.e.m.c.i.embedder.EclipseLogger -     google/protobuf/descriptor.proto
2022-08-08 22:31:12,480 [Worker-6: Updating Maven Project] INFO  o.e.m.c.i.embedder.EclipseLogger -     google/protobuf/duration.proto
2022-08-08 22:31:12,481 [Worker-6: Updating Maven Project] INFO  o.e.m.c.i.embedder.EclipseLogger -     google/protobuf/empty.proto
2022-08-08 22:31:12,482 [Worker-6: Updating Maven Project] INFO  o.e.m.c.i.embedder.EclipseLogger -     google/protobuf/field_mask.proto
2022-08-08 22:31:12,483 [Worker-6: Updating Maven Project] INFO  o.e.m.c.i.embedder.EclipseLogger -     google/protobuf/source_context.proto
2022-08-08 22:31:12,484 [Worker-6: Updating Maven Project] INFO  o.e.m.c.i.embedder.EclipseLogger -     google/protobuf/struct.proto
2022-08-08 22:31:12,485 [Worker-6: Updating Maven Project] INFO  o.e.m.c.i.embedder.EclipseLogger -     google/protobuf/timestamp.proto
2022-08-08 22:31:12,486 [Worker-6: Updating Maven Project] INFO  o.e.m.c.i.embedder.EclipseLogger -     google/protobuf/type.proto
2022-08-08 22:31:12,487 [Worker-6: Updating Maven Project] INFO  o.e.m.c.i.embedder.EclipseLogger -     google/protobuf/wrappers.proto
2022-08-08 22:31:12,788 [Worker-6: Updating Maven Project] INFO  o.e.m.c.i.embedder.EclipseLogger - Input directories:
2022-08-08 22:31:12,788 [Worker-6: Updating Maven Project] INFO  o.e.m.c.i.embedder.EclipseLogger -     D:\OneDrive\OneDrive - National College of Ireland\backup\d\Distributed Systems\CA-MANDY\DSystem-gRPC\SmartMedical\src\main\resources
2022-08-08 22:31:12,789 [Worker-6: Updating Maven Project] INFO  o.e.m.c.i.embedder.EclipseLogger - Include directories:
2022-08-08 22:31:12,789 [Worker-6: Updating Maven Project] INFO  o.e.m.c.i.embedder.EclipseLogger -     C:\Users\86186\AppData\Local\Temp\protocjar8289838552040553845\include
2022-08-08 22:31:12,789 [Worker-6: Updating Maven Project] INFO  o.e.m.c.i.embedder.EclipseLogger - Output targets:
2022-08-08 22:31:12,789 [Worker-6: Updating Maven Project] INFO  o.e.m.c.i.embedder.EclipseLogger -     java: D:\OneDrive\OneDrive - National College of Ireland\backup\d\Distributed Systems\CA-MANDY\DSystem-gRPC\SmartMedical\src\main\java (add: main, clean: false, plugin: null, outputOptions: null)
2022-08-08 22:31:12,789 [Worker-6: Updating Maven Project] INFO  o.e.m.c.i.embedder.EclipseLogger -     grpc-java: D:\OneDrive\OneDrive - National College of Ireland\backup\d\Distributed Systems\CA-MANDY\DSystem-gRPC\SmartMedical\src\main\java (add: main, clean: false, plugin: null, outputOptions: null)
2022-08-08 22:31:12,790 [Worker-6: Updating Maven Project] INFO  o.e.m.c.i.embedder.EclipseLogger - Resolving artifact: io.grpc:protoc-gen-grpc-java:1.15.0, platform: windows-x86_64
2022-08-08 22:31:12,807 [Worker-6: Updating Maven Project] INFO  o.e.m.c.i.embedder.EclipseLogger - Adding generated classes to classpath
2022-08-08 22:31:12,808 [Worker-6: Updating Maven Project] INFO  o.e.m.c.i.embedder.EclipseLogger - Adding generated classes to classpath
2022-08-08 22:31:12,913 [Worker-6: Updating Maven Project] INFO  o.e.m.j.i.AbstractJavaProjectConfigurator - Adding source folder /SmartMedical/src/main/java
2022-08-08 22:31:12,914 [Worker-6: Updating Maven Project] INFO  o.e.m.j.i.AbstractJavaProjectConfigurator - Adding resource folder /SmartMedical/src/main/resources
2022-08-08 22:31:12,923 [Worker-6: Updating Maven Project] INFO  o.e.m.j.i.AbstractJavaProjectConfigurator - Adding source folder /SmartMedical/src/test/java
2022-08-08 22:31:12,924 [Worker-6: Updating Maven Project] INFO  o.e.m.j.i.AbstractJavaProjectConfigurator - Adding resource folder /SmartMedical/src/test/resources
2022-08-08 22:31:13,294 [Worker-6: Updating Maven Project] INFO  o.e.m.c.i.p.ProjectConfigurationManager - Update completed: 1 sec
2022-08-08 22:31:13,470 [Worker-14: Building] INFO  o.e.m.c.i.embedder.EclipseLogger - Protoc version: 3.6.0
2022-08-08 22:31:13,768 [Worker-14: Building] INFO  o.e.m.c.i.embedder.EclipseLogger - Protoc command: C:\Users\86186\AppData\Local\Temp\protocjar672232398639687599\bin\protoc.exe
2022-08-08 22:31:13,770 [Worker-14: Building] INFO  o.e.m.c.i.embedder.EclipseLogger - Additional include types: C:\Users\86186\AppData\Local\Temp\protocjar13734586081189603745\include
2022-08-08 22:31:13,824 [Worker-14: Building] INFO  o.e.m.c.i.embedder.EclipseLogger -     google/protobuf/any.proto
2022-08-08 22:31:13,827 [Worker-14: Building] INFO  o.e.m.c.i.embedder.EclipseLogger -     google/protobuf/api.proto
2022-08-08 22:31:13,828 [Worker-14: Building] INFO  o.e.m.c.i.embedder.EclipseLogger -     google/protobuf/compiler/plugin.proto
2022-08-08 22:31:13,830 [Worker-14: Building] INFO  o.e.m.c.i.embedder.EclipseLogger -     google/protobuf/descriptor.proto
2022-08-08 22:31:13,832 [Worker-14: Building] INFO  o.e.m.c.i.embedder.EclipseLogger -     google/protobuf/duration.proto
2022-08-08 22:31:13,833 [Worker-14: Building] INFO  o.e.m.c.i.embedder.EclipseLogger -     google/protobuf/empty.proto
2022-08-08 22:31:13,834 [Worker-14: Building] INFO  o.e.m.c.i.embedder.EclipseLogger -     google/protobuf/field_mask.proto
2022-08-08 22:31:13,835 [Worker-14: Building] INFO  o.e.m.c.i.embedder.EclipseLogger -     google/protobuf/source_context.proto
2022-08-08 22:31:13,836 [Worker-14: Building] INFO  o.e.m.c.i.embedder.EclipseLogger -     google/protobuf/struct.proto
2022-08-08 22:31:13,837 [Worker-14: Building] INFO  o.e.m.c.i.embedder.EclipseLogger -     google/protobuf/timestamp.proto
2022-08-08 22:31:13,838 [Worker-14: Building] INFO  o.e.m.c.i.embedder.EclipseLogger -     google/protobuf/type.proto
2022-08-08 22:31:13,839 [Worker-14: Building] INFO  o.e.m.c.i.embedder.EclipseLogger -     google/protobuf/wrappers.proto
2022-08-08 22:31:14,150 [Worker-14: Building] INFO  o.e.m.c.i.embedder.EclipseLogger - Input directories:
2022-08-08 22:31:14,150 [Worker-14: Building] INFO  o.e.m.c.i.embedder.EclipseLogger -     D:\OneDrive\OneDrive - National College of Ireland\backup\d\Distributed Systems\CA-MANDY\DSystem-gRPC\SmartMedical\src\main\resources
2022-08-08 22:31:14,151 [Worker-14: Building] INFO  o.e.m.c.i.embedder.EclipseLogger - Include directories:
2022-08-08 22:31:14,151 [Worker-14: Building] INFO  o.e.m.c.i.embedder.EclipseLogger -     C:\Users\86186\AppData\Local\Temp\protocjar13734586081189603745\include
2022-08-08 22:31:14,151 [Worker-14: Building] INFO  o.e.m.c.i.embedder.EclipseLogger - Output targets:
2022-08-08 22:31:14,151 [Worker-14: Building] INFO  o.e.m.c.i.embedder.EclipseLogger -     java: D:\OneDrive\OneDrive - National College of Ireland\backup\d\Distributed Systems\CA-MANDY\DSystem-gRPC\SmartMedical\src\main\java (add: main, clean: false, plugin: null, outputOptions: null)
2022-08-08 22:31:14,151 [Worker-14: Building] INFO  o.e.m.c.i.embedder.EclipseLogger -     grpc-java: D:\OneDrive\OneDrive - National College of Ireland\backup\d\Distributed Systems\CA-MANDY\DSystem-gRPC\SmartMedical\src\main\java (add: main, clean: false, plugin: null, outputOptions: null)
2022-08-08 22:31:14,151 [Worker-14: Building] INFO  o.e.m.c.i.embedder.EclipseLogger - Resolving artifact: io.grpc:protoc-gen-grpc-java:1.15.0, platform: windows-x86_64
2022-08-08 22:31:14,159 [Worker-14: Building] INFO  o.e.m.c.i.embedder.EclipseLogger - Adding generated classes to classpath
2022-08-08 22:31:14,160 [Worker-14: Building] INFO  o.e.m.c.i.embedder.EclipseLogger - Adding generated classes to classpath
2022-08-08 22:31:14,171 [Worker-14: Building] INFO  o.e.m.c.i.embedder.EclipseLogger - Using 'UTF-8' encoding to copy filtered resources.
2022-08-08 22:31:14,172 [Worker-14: Building] INFO  o.e.m.c.i.embedder.EclipseLogger - Copying 0 resource
2022-08-08 22:31:14,174 [Worker-14: Building] INFO  o.e.m.c.i.embedder.EclipseLogger - Using 'UTF-8' encoding to copy filtered resources.
2022-08-08 22:31:14,174 [Worker-14: Building] INFO  o.e.m.c.i.embedder.EclipseLogger - Copying 0 resource
2022-08-08 22:32:35,714 [Worker-12: Building] INFO  o.e.m.c.i.embedder.EclipseLogger - Protoc version: 3.6.0
2022-08-08 22:32:36,139 [Worker-12: Building] INFO  o.e.m.c.i.embedder.EclipseLogger - Protoc command: C:\Users\86186\AppData\Local\Temp\protocjar1764774261189397028\bin\protoc.exe
2022-08-08 22:32:36,141 [Worker-12: Building] INFO  o.e.m.c.i.embedder.EclipseLogger - Additional include types: C:\Users\86186\AppData\Local\Temp\protocjar14072806365452122204\include
2022-08-08 22:32:36,217 [Worker-12: Building] INFO  o.e.m.c.i.embedder.EclipseLogger -     google/protobuf/any.proto
2022-08-08 22:32:36,220 [Worker-12: Building] INFO  o.e.m.c.i.embedder.EclipseLogger -     google/protobuf/api.proto
2022-08-08 22:32:36,221 [Worker-12: Building] INFO  o.e.m.c.i.embedder.EclipseLogger -     google/protobuf/compiler/plugin.proto
2022-08-08 22:32:36,223 [Worker-12: Building] INFO  o.e.m.c.i.embedder.EclipseLogger -     google/protobuf/descriptor.proto
2022-08-08 22:32:36,225 [Worker-12: Building] INFO  o.e.m.c.i.embedder.EclipseLogger -     google/protobuf/duration.proto
2022-08-08 22:32:36,226 [Worker-12: Building] INFO  o.e.m.c.i.embedder.EclipseLogger -     google/protobuf/empty.proto
2022-08-08 22:32:36,227 [Worker-12: Building] INFO  o.e.m.c.i.embedder.EclipseLogger -     google/protobuf/field_mask.proto
2022-08-08 22:32:36,228 [Worker-12: Building] INFO  o.e.m.c.i.embedder.EclipseLogger -     google/protobuf/source_context.proto
2022-08-08 22:32:36,230 [Worker-12: Building] INFO  o.e.m.c.i.embedder.EclipseLogger -     google/protobuf/struct.proto
2022-08-08 22:32:36,231 [Worker-12: Building] INFO  o.e.m.c.i.embedder.EclipseLogger -     google/protobuf/timestamp.proto
2022-08-08 22:32:36,233 [Worker-12: Building] INFO  o.e.m.c.i.embedder.EclipseLogger -     google/protobuf/type.proto
2022-08-08 22:32:36,234 [Worker-12: Building] INFO  o.e.m.c.i.embedder.EclipseLogger -     google/protobuf/wrappers.proto
2022-08-08 22:32:36,617 [Worker-12: Building] INFO  o.e.m.c.i.embedder.EclipseLogger - Input directories:
2022-08-08 22:32:36,617 [Worker-12: Building] INFO  o.e.m.c.i.embedder.EclipseLogger -     D:\OneDrive\OneDrive - National College of Ireland\backup\d\Distributed Systems\CA-MANDY\DSystem-gRPC\SmartMedical\src\main\resources
2022-08-08 22:32:36,617 [Worker-12: Building] INFO  o.e.m.c.i.embedder.EclipseLogger - Include directories:
2022-08-08 22:32:36,617 [Worker-12: Building] INFO  o.e.m.c.i.embedder.EclipseLogger -     C:\Users\86186\AppData\Local\Temp\protocjar14072806365452122204\include
2022-08-08 22:32:36,617 [Worker-12: Building] INFO  o.e.m.c.i.embedder.EclipseLogger - Output targets:
2022-08-08 22:32:36,617 [Worker-12: Building] INFO  o.e.m.c.i.embedder.EclipseLogger -     java: D:\OneDrive\OneDrive - National College of Ireland\backup\d\Distributed Systems\CA-MANDY\DSystem-gRPC\SmartMedical\src\main\java (add: main, clean: false, plugin: null, outputOptions: null)
2022-08-08 22:32:36,617 [Worker-12: Building] INFO  o.e.m.c.i.embedder.EclipseLogger -     grpc-java: D:\OneDrive\OneDrive - National College of Ireland\backup\d\Distributed Systems\CA-MANDY\DSystem-gRPC\SmartMedical\src\main\java (add: main, clean: false, plugin: null, outputOptions: null)
2022-08-08 22:32:36,617 [Worker-12: Building] INFO  o.e.m.c.i.embedder.EclipseLogger - Resolving artifact: io.grpc:protoc-gen-grpc-java:1.15.0, platform: windows-x86_64
2022-08-08 22:32:36,624 [Worker-12: Building] INFO  o.e.m.c.i.embedder.EclipseLogger - Not changed D:\OneDrive\OneDrive - National College of Ireland\backup\d\Distributed Systems\CA-MANDY\DSystem-gRPC\SmartMedical\src\main\resources\SmartAppointmentService.proto
2022-08-08 22:32:36,624 [Worker-12: Building] INFO  o.e.m.c.i.embedder.EclipseLogger - Adding generated classes to classpath
2022-08-08 22:32:36,625 [Worker-12: Building] INFO  o.e.m.c.i.embedder.EclipseLogger - Not changed D:\OneDrive\OneDrive - National College of Ireland\backup\d\Distributed Systems\CA-MANDY\DSystem-gRPC\SmartMedical\src\main\resources\SmartAppointmentService.proto
2022-08-08 22:32:36,625 [Worker-12: Building] INFO  o.e.m.c.i.embedder.EclipseLogger - Adding generated classes to classpath
2022-08-08 22:32:36,626 [Worker-12: Building] INFO  o.e.m.c.i.embedder.EclipseLogger - Using 'UTF-8' encoding to copy filtered resources.
2022-08-08 22:32:36,630 [Worker-12: Building] INFO  o.e.m.c.i.embedder.EclipseLogger - Copying 1 resource
2022-08-08 22:32:36,645 [Worker-12: Building] INFO  o.e.m.c.i.embedder.EclipseLogger - Using 'UTF-8' encoding to copy filtered resources.
2022-08-08 22:32:36,646 [Worker-12: Building] INFO  o.e.m.c.i.embedder.EclipseLogger - Copying 0 resource
2022-08-08 22:32:38,962 [Worker-12: Building] INFO  o.e.m.c.i.embedder.EclipseLogger - Protoc version: 3.6.0
2022-08-08 22:32:39,348 [Worker-12: Building] INFO  o.e.m.c.i.embedder.EclipseLogger - Protoc command: C:\Users\86186\AppData\Local\Temp\protocjar15094676592545263237\bin\protoc.exe
2022-08-08 22:32:39,349 [Worker-12: Building] INFO  o.e.m.c.i.embedder.EclipseLogger - Additional include types: C:\Users\86186\AppData\Local\Temp\protocjar849721126871615069\include
2022-08-08 22:32:39,426 [Worker-12: Building] INFO  o.e.m.c.i.embedder.EclipseLogger -     google/protobuf/any.proto
2022-08-08 22:32:39,428 [Worker-12: Building] INFO  o.e.m.c.i.embedder.EclipseLogger -     google/protobuf/api.proto
2022-08-08 22:32:39,430 [Worker-12: Building] INFO  o.e.m.c.i.embedder.EclipseLogger -     google/protobuf/compiler/plugin.proto
2022-08-08 22:32:39,431 [Worker-12: Building] INFO  o.e.m.c.i.embedder.EclipseLogger -     google/protobuf/descriptor.proto
2022-08-08 22:32:39,434 [Worker-12: Building] INFO  o.e.m.c.i.embedder.EclipseLogger -     google/protobuf/duration.proto
2022-08-08 22:32:39,435 [Worker-12: Building] INFO  o.e.m.c.i.embedder.EclipseLogger -     google/protobuf/empty.proto
2022-08-08 22:32:39,436 [Worker-12: Building] INFO  o.e.m.c.i.embedder.EclipseLogger -     google/protobuf/field_mask.proto
2022-08-08 22:32:39,437 [Worker-12: Building] INFO  o.e.m.c.i.embedder.EclipseLogger -     google/protobuf/source_context.proto
2022-08-08 22:32:39,438 [Worker-12: Building] INFO  o.e.m.c.i.embedder.EclipseLogger -     google/protobuf/struct.proto
2022-08-08 22:32:39,439 [Worker-12: Building] INFO  o.e.m.c.i.embedder.EclipseLogger -     google/protobuf/timestamp.proto
2022-08-08 22:32:39,440 [Worker-12: Building] INFO  o.e.m.c.i.embedder.EclipseLogger -     google/protobuf/type.proto
2022-08-08 22:32:39,441 [Worker-12: Building] INFO  o.e.m.c.i.embedder.EclipseLogger -     google/protobuf/wrappers.proto
2022-08-08 22:32:40,104 [Worker-12: Building] INFO  o.e.m.c.i.embedder.EclipseLogger - Input directories:
2022-08-08 22:32:40,104 [Worker-12: Building] INFO  o.e.m.c.i.embedder.EclipseLogger -     D:\OneDrive\OneDrive - National College of Ireland\backup\d\Distributed Systems\CA-MANDY\DSystem-gRPC\SmartMedical\src\main\resources
2022-08-08 22:32:40,104 [Worker-12: Building] INFO  o.e.m.c.i.embedder.EclipseLogger - Include directories:
2022-08-08 22:32:40,104 [Worker-12: Building] INFO  o.e.m.c.i.embedder.EclipseLogger -     C:\Users\86186\AppData\Local\Temp\protocjar849721126871615069\include
2022-08-08 22:32:40,104 [Worker-12: Building] INFO  o.e.m.c.i.embedder.EclipseLogger - Output targets:
2022-08-08 22:32:40,104 [Worker-12: Building] INFO  o.e.m.c.i.embedder.EclipseLogger -     java: D:\OneDrive\OneDrive - National College of Ireland\backup\d\Distributed Systems\CA-MANDY\DSystem-gRPC\SmartMedical\src\main\java (add: main, clean: false, plugin: null, outputOptions: null)
2022-08-08 22:32:40,105 [Worker-12: Building] INFO  o.e.m.c.i.embedder.EclipseLogger -     grpc-java: D:\OneDrive\OneDrive - National College of Ireland\backup\d\Distributed Systems\CA-MANDY\DSystem-gRPC\SmartMedical\src\main\java (add: main, clean: false, plugin: null, outputOptions: null)
2022-08-08 22:32:40,105 [Worker-12: Building] INFO  o.e.m.c.i.embedder.EclipseLogger - Resolving artifact: io.grpc:protoc-gen-grpc-java:1.15.0, platform: windows-x86_64
2022-08-08 22:32:40,114 [Worker-12: Building] INFO  o.e.m.c.i.embedder.EclipseLogger - Not changed D:\OneDrive\OneDrive - National College of Ireland\backup\d\Distributed Systems\CA-MANDY\DSystem-gRPC\SmartMedical\src\main\resources\SmartAppointmentService.proto
2022-08-08 22:32:40,114 [Worker-12: Building] INFO  o.e.m.c.i.embedder.EclipseLogger - Adding generated classes to classpath
2022-08-08 22:32:40,114 [Worker-12: Building] INFO  o.e.m.c.i.embedder.EclipseLogger - Not changed D:\OneDrive\OneDrive - National College of Ireland\backup\d\Distributed Systems\CA-MANDY\DSystem-gRPC\SmartMedical\src\main\resources\SmartAppointmentService.proto
2022-08-08 22:32:40,115 [Worker-12: Building] INFO  o.e.m.c.i.embedder.EclipseLogger - Adding generated classes to classpath
2022-08-08 22:32:40,117 [Worker-12: Building] INFO  o.e.m.c.i.embedder.EclipseLogger - Using 'UTF-8' encoding to copy filtered resources.
2022-08-08 22:32:40,117 [Worker-12: Building] INFO  o.e.m.c.i.embedder.EclipseLogger - Copying 0 resource
2022-08-08 22:32:40,119 [Worker-12: Building] INFO  o.e.m.c.i.embedder.EclipseLogger - Using 'UTF-8' encoding to copy filtered resources.
2022-08-08 22:32:40,121 [Worker-12: Building] INFO  o.e.m.c.i.embedder.EclipseLogger - Copying 0 resource
2022-08-08 22:32:49,203 [Worker-9: Building] INFO  o.e.m.c.i.embedder.EclipseLogger - Protoc version: 3.6.0
2022-08-08 22:32:49,812 [Worker-9: Building] INFO  o.e.m.c.i.embedder.EclipseLogger - Protoc command: C:\Users\86186\AppData\Local\Temp\protocjar10332432350301988959\bin\protoc.exe
2022-08-08 22:32:49,814 [Worker-9: Building] INFO  o.e.m.c.i.embedder.EclipseLogger - Additional include types: C:\Users\86186\AppData\Local\Temp\protocjar7377292354660395208\include
2022-08-08 22:32:49,880 [Worker-9: Building] INFO  o.e.m.c.i.embedder.EclipseLogger -     google/protobuf/any.proto
2022-08-08 22:32:49,883 [Worker-9: Building] INFO  o.e.m.c.i.embedder.EclipseLogger -     google/protobuf/api.proto
2022-08-08 22:32:49,884 [Worker-9: Building] INFO  o.e.m.c.i.embedder.EclipseLogger -     google/protobuf/compiler/plugin.proto
2022-08-08 22:32:49,885 [Worker-9: Building] INFO  o.e.m.c.i.embedder.EclipseLogger -     google/protobuf/descriptor.proto
2022-08-08 22:32:49,888 [Worker-9: Building] INFO  o.e.m.c.i.embedder.EclipseLogger -     google/protobuf/duration.proto
2022-08-08 22:32:49,889 [Worker-9: Building] INFO  o.e.m.c.i.embedder.EclipseLogger -     google/protobuf/empty.proto
2022-08-08 22:32:49,890 [Worker-9: Building] INFO  o.e.m.c.i.embedder.EclipseLogger -     google/protobuf/field_mask.proto
2022-08-08 22:32:49,891 [Worker-9: Building] INFO  o.e.m.c.i.embedder.EclipseLogger -     google/protobuf/source_context.proto
2022-08-08 22:32:49,892 [Worker-9: Building] INFO  o.e.m.c.i.embedder.EclipseLogger -     google/protobuf/struct.proto
2022-08-08 22:32:49,893 [Worker-9: Building] INFO  o.e.m.c.i.embedder.EclipseLogger -     google/protobuf/timestamp.proto
2022-08-08 22:32:49,894 [Worker-9: Building] INFO  o.e.m.c.i.embedder.EclipseLogger -     google/protobuf/type.proto
2022-08-08 22:32:49,895 [Worker-9: Building] INFO  o.e.m.c.i.embedder.EclipseLogger -     google/protobuf/wrappers.proto
2022-08-08 22:32:50,220 [Worker-9: Building] INFO  o.e.m.c.i.embedder.EclipseLogger - Input directories:
2022-08-08 22:32:50,221 [Worker-9: Building] INFO  o.e.m.c.i.embedder.EclipseLogger -     D:\OneDrive\OneDrive - National College of Ireland\backup\d\Distributed Systems\CA-MANDY\DSystem-gRPC\SmartMedical\src\main\resources
2022-08-08 22:32:50,221 [Worker-9: Building] INFO  o.e.m.c.i.embedder.EclipseLogger - Include directories:
2022-08-08 22:32:50,221 [Worker-9: Building] INFO  o.e.m.c.i.embedder.EclipseLogger -     C:\Users\86186\AppData\Local\Temp\protocjar7377292354660395208\include
2022-08-08 22:32:50,221 [Worker-9: Building] INFO  o.e.m.c.i.embedder.EclipseLogger - Output targets:
2022-08-08 22:32:50,221 [Worker-9: Building] INFO  o.e.m.c.i.embedder.EclipseLogger -     java: D:\OneDrive\OneDrive - National College of Ireland\backup\d\Distributed Systems\CA-MANDY\DSystem-gRPC\SmartMedical\src\main\java (add: main, clean: false, plugin: null, outputOptions: null)
2022-08-08 22:32:50,221 [Worker-9: Building] INFO  o.e.m.c.i.embedder.EclipseLogger -     grpc-java: D:\OneDrive\OneDrive - National College of Ireland\backup\d\Distributed Systems\CA-MANDY\DSystem-gRPC\SmartMedical\src\main\java (add: main, clean: false, plugin: null, outputOptions: null)
2022-08-08 22:32:50,221 [Worker-9: Building] INFO  o.e.m.c.i.embedder.EclipseLogger - Resolving artifact: io.grpc:protoc-gen-grpc-java:1.15.0, platform: windows-x86_64
2022-08-08 22:32:50,233 [Worker-9: Building] INFO  o.e.m.c.i.embedder.EclipseLogger - Not changed D:\OneDrive\OneDrive - National College of Ireland\backup\d\Distributed Systems\CA-MANDY\DSystem-gRPC\SmartMedical\src\main\resources\SmartAppointmentService.proto
2022-08-08 22:32:50,233 [Worker-9: Building] INFO  o.e.m.c.i.embedder.EclipseLogger - Adding generated classes to classpath
2022-08-08 22:32:50,233 [Worker-9: Building] INFO  o.e.m.c.i.embedder.EclipseLogger - Not changed D:\OneDrive\OneDrive - National College of Ireland\backup\d\Distributed Systems\CA-MANDY\DSystem-gRPC\SmartMedical\src\main\resources\SmartAppointmentService.proto
2022-08-08 22:32:50,233 [Worker-9: Building] INFO  o.e.m.c.i.embedder.EclipseLogger - Adding generated classes to classpath
2022-08-08 22:32:50,235 [Worker-9: Building] INFO  o.e.m.c.i.embedder.EclipseLogger - Using 'UTF-8' encoding to copy filtered resources.
2022-08-08 22:32:50,235 [Worker-9: Building] INFO  o.e.m.c.i.embedder.EclipseLogger - Copying 1 resource
2022-08-08 22:32:50,239 [Worker-9: Building] INFO  o.e.m.c.i.embedder.EclipseLogger - Using 'UTF-8' encoding to copy filtered resources.
2022-08-08 22:32:50,240 [Worker-9: Building] INFO  o.e.m.c.i.embedder.EclipseLogger - Copying 0 resource
